[{"line":1,"elements":[{"line":2,"name":"open website","description":"","type":"background","keyword":"Background","steps":[]},{"start_timestamp":"2023-04-20T18:46:28.163Z","line":3,"name":"valid browse news","description":"","id":"open-news-section-and-browse-for-the-news;valid-browse-news","type":"scenario","keyword":"Scenario","steps":[{"result":{"duration":19278442500,"status":"passed"},"line":4,"name":"open news menu","match":{"location":"stepDefination.home.openMenu()"},"keyword":"Given "},{"result":{"duration":11394200,"status":"passed"},"line":5,"name":"browse page","match":{"location":"stepDefination.home.openAllNewsSection()"},"keyword":"And "},{"result":{"duration":7244300,"status":"passed"},"line":6,"name":"verify page","match":{"location":"stepDefination.home.verifyPage()"},"keyword":"And "},{"result":{"duration":274195600,"status":"passed"},"line":7,"name":"close browser","match":{"location":"stepDefination.browser.closeBrowser()"},"keyword":"Then "}]}],"name":"open news section and browse for the news","description":"","id":"open-news-section-and-browse-for-the-news","keyword":"Feature","uri":"file:src/main/resources/Feature/BrowseNews.feature","tags":[]},{"line":1,"elements":[{"line":2,"name":"open website","description":"","type":"background","keyword":"Background","steps":[]},{"start_timestamp":"2023-04-20T18:46:47.770Z","line":11,"name":"valid browse news","description":"","id":"login-functionality;valid-browse-news;;2","type":"scenario","keyword":"Scenario Outline","steps":[{"result":{"error_message":"io.cucumber.core.exception.CucumberException: Failed to instantiate class stepDefination.login\r\n\tat io.cucumber.core.backend.DefaultObjectFactory.cacheNewInstance(DefaultObjectFactory.java:67)\r\n\tat io.cucumber.core.backend.DefaultObjectFactory.getInstance(DefaultObjectFactory.java:45)\r\n\tat io.cucumber.java.AbstractGlueDefinition.invokeMethod(AbstractGlueDefinition.java:47)\r\n\tat io.cucumber.java.JavaStepDefinition.execute(JavaStepDefinition.java:29)\r\n\tat io.cucumber.core.runner.CoreStepDefinition.execute(CoreStepDefinition.java:66)\r\n\tat io.cucumber.core.runner.PickleStepDefinitionMatch.runStep(PickleStepDefinitionMatch.java:63)\r\n\tat io.cucumber.core.runner.ExecutionMode$1.execute(ExecutionMode.java:10)\r\n\tat io.cucumber.core.runner.TestStep.executeStep(TestStep.java:84)\r\n\tat io.cucumber.core.runner.TestStep.run(TestStep.java:56)\r\n\tat io.cucumber.core.runner.PickleStepTestStep.run(PickleStepTestStep.java:51)\r\n\tat io.cucumber.core.runner.TestCase.run(TestCase.java:84)\r\n\tat io.cucumber.core.runner.Runner.runPickle(Runner.java:75)\r\n\tat io.cucumber.junit.PickleRunners$NoStepDescriptions.lambda$run$0(PickleRunners.java:151)\r\n\tat io.cucumber.core.runtime.CucumberExecutionContext.lambda$runTestCase$5(CucumberExecutionContext.java:130)\r\n\tat io.cucumber.core.runtime.RethrowingThrowableCollector.executeAndThrow(RethrowingThrowableCollector.java:23)\r\n\tat io.cucumber.core.runtime.CucumberExecutionContext.runTestCase(CucumberExecutionContext.java:130)\r\n\tat io.cucumber.junit.PickleRunners$NoStepDescriptions.run(PickleRunners.java:148)\r\n\tat io.cucumber.junit.FeatureRunner.runChild(FeatureRunner.java:144)\r\n\tat io.cucumber.junit.FeatureRunner.runChild(FeatureRunner.java:28)\r\n\tat org.junit.runners.ParentRunner$4.run(ParentRunner.java:331)\r\n\tat org.junit.runners.ParentRunner$1.schedule(ParentRunner.java:79)\r\n\tat org.junit.runners.ParentRunner.runChildren(ParentRunner.java:329)\r\n\tat org.junit.runners.ParentRunner.access$100(ParentRunner.java:66)\r\n\tat org.junit.runners.ParentRunner$2.evaluate(ParentRunner.java:293)\r\n\tat org.junit.runners.ParentRunner$3.evaluate(ParentRunner.java:306)\r\n\tat org.junit.runners.ParentRunner.run(ParentRunner.java:413)\r\n\tat io.cucumber.junit.FeatureRunner.run(FeatureRunner.java:137)\r\n\tat io.cucumber.junit.Cucumber.runChild(Cucumber.java:196)\r\n\tat io.cucumber.junit.Cucumber.runChild(Cucumber.java:89)\r\n\tat org.junit.runners.ParentRunner$4.run(ParentRunner.java:331)\r\n\tat org.junit.runners.ParentRunner$1.schedule(ParentRunner.java:79)\r\n\tat org.junit.runners.ParentRunner.runChildren(ParentRunner.java:329)\r\n\tat org.junit.runners.ParentRunner.access$100(ParentRunner.java:66)\r\n\tat org.junit.runners.ParentRunner$2.evaluate(ParentRunner.java:293)\r\n\tat io.cucumber.junit.Cucumber$RunBeforeAllHooks.evaluate(Cucumber.java:266)\r\n\tat io.cucumber.junit.Cucumber$RunAfterAllHooks.evaluate(Cucumber.java:281)\r\n\tat io.cucumber.junit.Cucumber$StartTestRun.evaluate(Cucumber.java:233)\r\n\tat io.cucumber.junit.Cucumber$FinishTestRun.evaluate(Cucumber.java:248)\r\n\tat org.junit.runners.ParentRunner$3.evaluate(ParentRunner.java:306)\r\n\tat org.junit.runners.ParentRunner.run(ParentRunner.java:413)\r\n\tat org.junit.runner.JUnitCore.run(JUnitCore.java:137)\r\n\tat com.intellij.junit4.JUnit4IdeaTestRunner.startRunnerWithArgs(JUnit4IdeaTestRunner.java:69)\r\n\tat com.intellij.rt.junit.IdeaTestRunner$Repeater$1.execute(IdeaTestRunner.java:38)\r\n\tat com.intellij.rt.execution.junit.TestsRepeater.repeat(TestsRepeater.java:11)\r\n\tat com.intellij.rt.junit.IdeaTestRunner$Repeater.startRunnerWithArgs(IdeaTestRunner.java:35)\r\n\tat com.intellij.rt.junit.JUnitStarter.prepareStreamsAndStart(JUnitStarter.java:235)\r\n\tat com.intellij.rt.junit.JUnitStarter.main(JUnitStarter.java:54)\r\nCaused by: java.lang.reflect.InvocationTargetException\r\n\tat java.base/jdk.internal.reflect.DirectConstructorHandleAccessor.newInstance(DirectConstructorHandleAccessor.java:79)\r\n\tat java.base/java.lang.reflect.Constructor.newInstanceWithCaller(Constructor.java:500)\r\n\tat java.base/java.lang.reflect.Constructor.newInstance(Constructor.java:484)\r\n\tat io.cucumber.core.backend.DefaultObjectFactory.cacheNewInstance(DefaultObjectFactory.java:53)\r\n\t... 46 more\r\nCaused by: java.lang.IllegalStateException: The driver executable must exist: C:\\Users\\Badri\\Documents\\GitHub\\Selenium-AcMilan-Testing\\AcMilan\\src\\main\\resources\\Driver\\chromedriver.exe\r\n\tat org.openqa.selenium.internal.Require$FileStateChecker.isFile(Require.java:345)\r\n\tat org.openqa.selenium.remote.service.DriverFinder.getPath(DriverFinder.java:39)\r\n\tat org.openqa.selenium.chrome.ChromeDriver.generateExecutor(ChromeDriver.java:98)\r\n\tat org.openqa.selenium.chrome.ChromeDriver.<init>(ChromeDriver.java:88)\r\n\tat org.openqa.selenium.chrome.ChromeDriver.<init>(ChromeDriver.java:84)\r\n\tat org.openqa.selenium.chrome.ChromeDriver.<init>(ChromeDriver.java:73)\r\n\tat Base.browserBase.setupChromeBrowser(browserBase.java:65)\r\n\tat Base.browserBase.openBrowserSetup(browserBase.java:36)\r\n\tat stepDefination.browser.openBrowser(browser.java:15)\r\n\tat stepDefination.login.<init>(login.java:13)\r\n\tat java.base/jdk.internal.reflect.DirectConstructorHandleAccessor.newInstance(DirectConstructorHandleAccessor.java:67)\r\n\t... 49 more\r\n","duration":6046700,"status":"failed"},"line":4,"name":"open login page","match":{"location":"stepDefination.login.openLoginPage()"},"keyword":"Given "},{"result":{"duration":996400,"status":"skipped"},"line":5,"name":"Enter the Username \"mohamed\" and Password \"badri\"","match":{"arguments":[{"val":"mohamed","offset":20},{"val":"badri","offset":43}],"location":"stepDefination.login.enterUserInformation(java.lang.String,java.lang.String)"},"keyword":"And "},{"result":{"status":"skipped"},"line":6,"name":"click login button","match":{"location":"stepDefination.login.clickLoginButton()"},"keyword":"And "},{"result":{"status":"skipped"},"line":7,"name":"verify login","match":{"location":"stepDefination.login.verifyLogin()"},"keyword":"And "},{"result":{"status":"skipped"},"line":8,"name":"close browser","match":{"location":"stepDefination.browser.closeBrowser()"},"keyword":"Then "}]}],"name":"login functionality","description":"","id":"login-functionality","keyword":"Feature","uri":"file:src/main/resources/Feature/Login.feature","tags":[]},{"line":1,"elements":[{"line":2,"name":"open website","description":"","type":"background","keyword":"Background","steps":[]},{"start_timestamp":"2023-04-20T18:46:47.800Z","line":3,"name":"invalid registration","description":"","id":"test-registration-functionality;invalid-registration","type":"scenario","keyword":"Scenario","steps":[{"result":{"error_message":"io.cucumber.core.exception.CucumberException: Failed to instantiate class stepDefination.login\r\n\tat io.cucumber.core.backend.DefaultObjectFactory.cacheNewInstance(DefaultObjectFactory.java:67)\r\n\tat io.cucumber.core.backend.DefaultObjectFactory.getInstance(DefaultObjectFactory.java:45)\r\n\tat io.cucumber.java.AbstractGlueDefinition.invokeMethod(AbstractGlueDefinition.java:47)\r\n\tat io.cucumber.java.JavaStepDefinition.execute(JavaStepDefinition.java:29)\r\n\tat io.cucumber.core.runner.CoreStepDefinition.execute(CoreStepDefinition.java:66)\r\n\tat io.cucumber.core.runner.PickleStepDefinitionMatch.runStep(PickleStepDefinitionMatch.java:63)\r\n\tat io.cucumber.core.runner.ExecutionMode$1.execute(ExecutionMode.java:10)\r\n\tat io.cucumber.core.runner.TestStep.executeStep(TestStep.java:84)\r\n\tat io.cucumber.core.runner.TestStep.run(TestStep.java:56)\r\n\tat io.cucumber.core.runner.PickleStepTestStep.run(PickleStepTestStep.java:51)\r\n\tat io.cucumber.core.runner.TestCase.run(TestCase.java:84)\r\n\tat io.cucumber.core.runner.Runner.runPickle(Runner.java:75)\r\n\tat io.cucumber.junit.PickleRunners$NoStepDescriptions.lambda$run$0(PickleRunners.java:151)\r\n\tat io.cucumber.core.runtime.CucumberExecutionContext.lambda$runTestCase$5(CucumberExecutionContext.java:130)\r\n\tat io.cucumber.core.runtime.RethrowingThrowableCollector.executeAndThrow(RethrowingThrowableCollector.java:23)\r\n\tat io.cucumber.core.runtime.CucumberExecutionContext.runTestCase(CucumberExecutionContext.java:130)\r\n\tat io.cucumber.junit.PickleRunners$NoStepDescriptions.run(PickleRunners.java:148)\r\n\tat io.cucumber.junit.FeatureRunner.runChild(FeatureRunner.java:144)\r\n\tat io.cucumber.junit.FeatureRunner.runChild(FeatureRunner.java:28)\r\n\tat org.junit.runners.ParentRunner$4.run(ParentRunner.java:331)\r\n\tat org.junit.runners.ParentRunner$1.schedule(ParentRunner.java:79)\r\n\tat org.junit.runners.ParentRunner.runChildren(ParentRunner.java:329)\r\n\tat org.junit.runners.ParentRunner.access$100(ParentRunner.java:66)\r\n\tat org.junit.runners.ParentRunner$2.evaluate(ParentRunner.java:293)\r\n\tat org.junit.runners.ParentRunner$3.evaluate(ParentRunner.java:306)\r\n\tat org.junit.runners.ParentRunner.run(ParentRunner.java:413)\r\n\tat io.cucumber.junit.FeatureRunner.run(FeatureRunner.java:137)\r\n\tat io.cucumber.junit.Cucumber.runChild(Cucumber.java:196)\r\n\tat io.cucumber.junit.Cucumber.runChild(Cucumber.java:89)\r\n\tat org.junit.runners.ParentRunner$4.run(ParentRunner.java:331)\r\n\tat org.junit.runners.ParentRunner$1.schedule(ParentRunner.java:79)\r\n\tat org.junit.runners.ParentRunner.runChildren(ParentRunner.java:329)\r\n\tat org.junit.runners.ParentRunner.access$100(ParentRunner.java:66)\r\n\tat org.junit.runners.ParentRunner$2.evaluate(ParentRunner.java:293)\r\n\tat io.cucumber.junit.Cucumber$RunBeforeAllHooks.evaluate(Cucumber.java:266)\r\n\tat io.cucumber.junit.Cucumber$RunAfterAllHooks.evaluate(Cucumber.java:281)\r\n\tat io.cucumber.junit.Cucumber$StartTestRun.evaluate(Cucumber.java:233)\r\n\tat io.cucumber.junit.Cucumber$FinishTestRun.evaluate(Cucumber.java:248)\r\n\tat org.junit.runners.ParentRunner$3.evaluate(ParentRunner.java:306)\r\n\tat org.junit.runners.ParentRunner.run(ParentRunner.java:413)\r\n\tat org.junit.runner.JUnitCore.run(JUnitCore.java:137)\r\n\tat com.intellij.junit4.JUnit4IdeaTestRunner.startRunnerWithArgs(JUnit4IdeaTestRunner.java:69)\r\n\tat com.intellij.rt.junit.IdeaTestRunner$Repeater$1.execute(IdeaTestRunner.java:38)\r\n\tat com.intellij.rt.execution.junit.TestsRepeater.repeat(TestsRepeater.java:11)\r\n\tat com.intellij.rt.junit.IdeaTestRunner$Repeater.startRunnerWithArgs(IdeaTestRunner.java:35)\r\n\tat com.intellij.rt.junit.JUnitStarter.prepareStreamsAndStart(JUnitStarter.java:235)\r\n\tat com.intellij.rt.junit.JUnitStarter.main(JUnitStarter.java:54)\r\nCaused by: java.lang.reflect.InvocationTargetException\r\n\tat java.base/jdk.internal.reflect.DirectConstructorHandleAccessor.newInstance(DirectConstructorHandleAccessor.java:79)\r\n\tat java.base/java.lang.reflect.Constructor.newInstanceWithCaller(Constructor.java:500)\r\n\tat java.base/java.lang.reflect.Constructor.newInstance(Constructor.java:484)\r\n\tat io.cucumber.core.backend.DefaultObjectFactory.cacheNewInstance(DefaultObjectFactory.java:53)\r\n\t... 46 more\r\nCaused by: java.lang.IllegalStateException: The driver executable must exist: C:\\Users\\Badri\\Documents\\GitHub\\Selenium-AcMilan-Testing\\AcMilan\\src\\main\\resources\\Driver\\chromedriver.exe\r\n\tat org.openqa.selenium.internal.Require$FileStateChecker.isFile(Require.java:345)\r\n\tat org.openqa.selenium.remote.service.DriverFinder.getPath(DriverFinder.java:39)\r\n\tat org.openqa.selenium.chrome.ChromeDriver.generateExecutor(ChromeDriver.java:98)\r\n\tat org.openqa.selenium.chrome.ChromeDriver.<init>(ChromeDriver.java:88)\r\n\tat org.openqa.selenium.chrome.ChromeDriver.<init>(ChromeDriver.java:84)\r\n\tat org.openqa.selenium.chrome.ChromeDriver.<init>(ChromeDriver.java:73)\r\n\tat Base.browserBase.setupChromeBrowser(browserBase.java:65)\r\n\tat Base.browserBase.openBrowserSetup(browserBase.java:36)\r\n\tat stepDefination.browser.openBrowser(browser.java:15)\r\n\tat stepDefination.login.<init>(login.java:13)\r\n\tat java.base/jdk.internal.reflect.DirectConstructorHandleAccessor.newInstance(DirectConstructorHandleAccessor.java:67)\r\n\t... 49 more\r\n","duration":3003500,"status":"failed"},"line":4,"name":"open login page","match":{"location":"stepDefination.login.openLoginPage()"},"keyword":"Given "},{"result":{"duration":1001400,"status":"skipped"},"line":5,"name":"open registration page","match":{"location":"stepDefination.signUp.openRegisterPage()"},"keyword":"Given "},{"result":{"status":"skipped"},"line":6,"name":"user enters email \"black@black.com\"","match":{"arguments":[{"val":"black@black.com","offset":19}],"location":"stepDefination.signUp.enterEmail(java.lang.String)"},"keyword":"And "},{"result":{"status":"skipped"},"line":7,"name":"user enters first name \"mohamed\"","match":{"arguments":[{"val":"mohamed","offset":24}],"location":"stepDefination.signUp.enterFirstName(java.lang.String)"},"keyword":"And "},{"result":{"status":"skipped"},"line":8,"name":"user enters last name \"mohamed\"","match":{"arguments":[{"val":"mohamed","offset":23}],"location":"stepDefination.signUp.enterLastName(java.lang.String)"},"keyword":"And "},{"result":{"status":"skipped"},"line":9,"name":"user enables the privacy check box","match":{"location":"stepDefination.signUp.enableCheckBox()"},"keyword":"And "},{"result":{"status":"skipped"},"line":10,"name":"click on register button","match":{"location":"stepDefination.signUp.ClickRegisterButton()"},"keyword":"And "},{"result":{"status":"skipped"},"line":11,"name":"verify registration","match":{"location":"stepDefination.signUp.messageCheck()"},"keyword":"And "},{"result":{"status":"skipped"},"line":12,"name":"close browser","match":{"location":"stepDefination.browser.closeBrowser()"},"keyword":"Then "}]}],"name":"Test registration functionality","description":"","id":"test-registration-functionality","keyword":"Feature","uri":"file:src/main/resources/Feature/Register.feature","tags":[]}]